[debug] [2024-03-19T13:22:16.852Z] ----------------------------------------------------------------------
[debug] [2024-03-19T13:22:16.853Z] Command:       /Users/woutervroege/.nvm/versions/node/v20.10.0/bin/node /Users/woutervroege/Sites/doxyfixy/node_modules/.pnpm/firebase-tools@12.5.2/node_modules/firebase-tools/lib/bin/firebase.js deploy
[debug] [2024-03-19T13:22:16.853Z] CLI Version:   12.5.2
[debug] [2024-03-19T13:22:16.853Z] Platform:      darwin
[debug] [2024-03-19T13:22:16.853Z] Node Version:  v20.10.0
[debug] [2024-03-19T13:22:16.853Z] Time:          Tue Mar 19 2024 14:22:16 GMT+0100 (Central European Standard Time)
[debug] [2024-03-19T13:22:16.853Z] ----------------------------------------------------------------------
[debug] 
[debug] [2024-03-19T13:22:16.854Z] >>> [apiv2][query] GET https://firebase-public.firebaseio.com/cli.json [none]
[debug] [2024-03-19T13:22:16.910Z] > command requires scopes: ["email","openid","https://www.googleapis.com/auth/cloudplatformprojects.readonly","https://www.googleapis.com/auth/firebase","https://www.googleapis.com/auth/cloud-platform"]
[debug] [2024-03-19T13:22:16.911Z] > authorizing via signed-in user (team@slices.co)
[debug] [2024-03-19T13:22:16.911Z] [iam] checking project doxyfixy-c5c7e for permissions ["firebase.projects.get","firebasehosting.sites.update"]
[debug] [2024-03-19T13:22:16.911Z] > refreshing access token with scopes: []
[debug] [2024-03-19T13:22:16.911Z] >>> [apiv2][query] POST https://www.googleapis.com/oauth2/v3/token [none]
[debug] [2024-03-19T13:22:16.911Z] >>> [apiv2][body] POST https://www.googleapis.com/oauth2/v3/token [omitted]
[debug] [2024-03-19T13:22:17.008Z] <<< [apiv2][status] POST https://www.googleapis.com/oauth2/v3/token 200
[debug] [2024-03-19T13:22:17.008Z] <<< [apiv2][body] POST https://www.googleapis.com/oauth2/v3/token [omitted]
[debug] [2024-03-19T13:22:17.022Z] >>> [apiv2][query] POST https://cloudresourcemanager.googleapis.com/v1/projects/doxyfixy-c5c7e:testIamPermissions [none]
[debug] [2024-03-19T13:22:17.022Z] >>> [apiv2][(partial)header] POST https://cloudresourcemanager.googleapis.com/v1/projects/doxyfixy-c5c7e:testIamPermissions x-goog-quota-user=projects/doxyfixy-c5c7e
[debug] [2024-03-19T13:22:17.022Z] >>> [apiv2][body] POST https://cloudresourcemanager.googleapis.com/v1/projects/doxyfixy-c5c7e:testIamPermissions {"permissions":["firebase.projects.get","firebasehosting.sites.update"]}
[debug] [2024-03-19T13:22:17.188Z] <<< [apiv2][status] GET https://firebase-public.firebaseio.com/cli.json 200
[debug] [2024-03-19T13:22:17.189Z] <<< [apiv2][body] GET https://firebase-public.firebaseio.com/cli.json {"cloudBuildErrorAfter":1594252800000,"cloudBuildWarnAfter":1590019200000,"defaultNode10After":1594252800000,"minVersion":"3.0.5","node8DeploysDisabledAfter":1613390400000,"node8RuntimeDisabledAfter":1615809600000,"node8WarnAfter":1600128000000}
[debug] [2024-03-19T13:22:17.680Z] <<< [apiv2][status] POST https://cloudresourcemanager.googleapis.com/v1/projects/doxyfixy-c5c7e:testIamPermissions 200
[debug] [2024-03-19T13:22:17.680Z] <<< [apiv2][body] POST https://cloudresourcemanager.googleapis.com/v1/projects/doxyfixy-c5c7e:testIamPermissions {}
[debug] [2024-03-19T13:22:17.681Z] [iam] error while checking permissions, command may fail: FirebaseError: Authorization failed. This account is missing the following required permissions on project doxyfixy-c5c7e:

  firebase.projects.get
  firebasehosting.sites.update
[debug] [2024-03-19T13:22:17.682Z] >>> [apiv2][query] GET https://firebase.googleapis.com/v1beta1/projects/doxyfixy-c5c7e [none]
[debug] [2024-03-19T13:22:18.019Z] <<< [apiv2][status] GET https://firebase.googleapis.com/v1beta1/projects/doxyfixy-c5c7e 403
[debug] [2024-03-19T13:22:18.019Z] <<< [apiv2][body] GET https://firebase.googleapis.com/v1beta1/projects/doxyfixy-c5c7e {"error":{"code":403,"message":"The caller does not have permission","status":"PERMISSION_DENIED"}}
[debug] [2024-03-19T13:22:18.020Z] HTTP Error: 403, The caller does not have permission
[debug] [2024-03-19T13:22:18.021Z] FirebaseError: HTTP Error: 403, The caller does not have permission
    at responseToError (/Users/woutervroege/Sites/doxyfixy/node_modules/.pnpm/firebase-tools@12.5.2/node_modules/firebase-tools/lib/responseToError.js:49:12)
    at RetryOperation._fn (/Users/woutervroege/Sites/doxyfixy/node_modules/.pnpm/firebase-tools@12.5.2/node_modules/firebase-tools/lib/apiv2.js:285:77)
    at process.processTicksAndRejections (node:internal/process/task_queues:95:5)
[error] 
[error] Error: Failed to get Firebase project doxyfixy-c5c7e. Please make sure the project exists and your account has permission to access it.
